<?xml version="1.0" encoding="UTF-8"?>
<!-- Generated by org.testng.reporters.JUnitReportReporter -->
<testsuite skipped="0" hostname="DESKTOP-2C5OJD0" name="com.testcases.TC_01" tests="4" failures="0" timestamp="2022-09-10T10:01:18 IST" time="12.353" errors="0">
  <testcase name="userLogin" time="4.656" classname="com.testcases.TC_01"/>
  <testcase name="validateUserCredentials" time="2.807" classname="com.testcases.TC_01"/>
  <testcase name="validateUserCredentials" time="2.234" classname="com.testcases.TC_01"/>
  <testcase name="validateUserCredentials" time="2.656" classname="com.testcases.TC_01"/>
</testsuite> <!-- com.testcases.TC_01 -->
